<?xml version="1.0" encoding="UTF-8"?>
<testng-results ignored="0" total="1" passed="1" failed="0" skipped="0">
  <reporter-output>
  </reporter-output>
  <suite started-at="2026-02-12T12:41:15 IST" name="Default suite" finished-at="2026-02-12T12:41:32 IST" duration-ms="16658">
    <groups>
    </groups>
    <test started-at="2026-02-12T12:41:15 IST" name="Default test" finished-at="2026-02-12T12:41:32 IST" duration-ms="16658">
      <class name="tests.Login">
        <test-method is-config="true" signature="setup()[pri:0, instance:tests.Login@76908cc0]" started-at="2026-02-12T12:41:15 IST" name="setup" finished-at="2026-02-12T12:41:25 IST" duration-ms="9640" status="PASS">
          <reporter-output>
          </reporter-output>
        </test-method> <!-- setup -->
        <test-method signature="loginSucess()[pri:0, instance:tests.Login@76908cc0]" started-at="2026-02-12T12:41:25 IST" name="loginSucess" finished-at="2026-02-12T12:41:32 IST" duration-ms="6740" status="PASS">
          <reporter-output>
          </reporter-output>
        </test-method> <!-- loginSucess -->
        <test-method is-config="true" signature="tearDown()[pri:0, instance:tests.Login@76908cc0]" started-at="2026-02-12T12:41:32 IST" name="tearDown" finished-at="2026-02-12T12:41:32 IST" duration-ms="241" status="PASS">
          <reporter-output>
          </reporter-output>
        </test-method> <!-- tearDown -->
      </class> <!-- tests.Login -->
    </test> <!-- Default test -->
  </suite> <!-- Default suite -->
</testng-results>
