<?xml version="1.0" encoding="UTF-8"?>
<testng-results ignored="0" total="1" passed="1" failed="0" skipped="0">
  <reporter-output>
  </reporter-output>
  <suite started-at="2026-02-12T10:25:31 IST" name="Surefire suite" finished-at="2026-02-12T10:25:46 IST" duration-ms="14565">
    <groups>
    </groups>
    <test started-at="2026-02-12T10:25:31 IST" name="Surefire test" finished-at="2026-02-12T10:25:46 IST" duration-ms="14565">
      <class name="tests.FirstTest">
        <test-method is-config="true" signature="setup()[pri:0, instance:tests.FirstTest@1a052a00]" started-at="2026-02-12T10:25:31 IST" name="setup" finished-at="2026-02-12T10:25:43 IST" duration-ms="11873" status="PASS">
          <reporter-output>
          </reporter-output>
        </test-method> <!-- setup -->
        <test-method signature="verifyTitle()[pri:0, instance:tests.FirstTest@1a052a00]" started-at="2026-02-12T10:25:43 IST" name="verifyTitle" finished-at="2026-02-12T10:25:45 IST" duration-ms="2027" status="PASS">
          <reporter-output>
          </reporter-output>
        </test-method> <!-- verifyTitle -->
        <test-method is-config="true" signature="tearDown()[pri:0, instance:tests.FirstTest@1a052a00]" started-at="2026-02-12T10:25:45 IST" name="tearDown" finished-at="2026-02-12T10:25:46 IST" duration-ms="590" status="PASS">
          <reporter-output>
          </reporter-output>
        </test-method> <!-- tearDown -->
      </class> <!-- tests.FirstTest -->
    </test> <!-- Surefire test -->
  </suite> <!-- Surefire suite -->
</testng-results>
